This is pdfTeX, Version 3.1415926-1.40.10 (TeX Live 2009/Debian) (format=pdflatex 2012.4.27)  16 NOV 2012 16:33
entering extended mode
 %&-line parsing enabled.
**tpf.tex
(./tpf.tex
LaTeX2e <2009/09/24>
Babel <v3.8l> and hyphenation patterns for english, usenglishmax, dumylang, noh
yphenation, loaded.
(./tpf.cls
Document Class: tpf 
\@IEEEtrantmpdimenA=\dimen102
\@IEEEtrantmpdimenB=\dimen103
\@IEEEtrantmpcountA=\count79
\@IEEEtrantmpcountB=\count80
\@IEEEtrantmptoksA=\toks14
LaTeX Font Info:    Try loading font information for OT1+ptm on input line 695.

(/usr/share/texmf-texlive/tex/latex/psnfss/ot1ptm.fd
File: ot1ptm.fd 2001/06/04 font definitions for OT1/ptm.
)
-- This is a 10 point document.
\normalsizebaselineskip=\skip41
\normaljot=\skip42
LaTeX Font Info:    Font shape `OT1/ptm/bx/n' in size <5> not available
(Font)              Font shape `OT1/ptm/b/n' tried instead on input line 993.
LaTeX Font Info:    Font shape `OT1/ptm/bx/it' in size <5> not available
(Font)              Font shape `OT1/ptm/b/it' tried instead on input line 993.
LaTeX Font Info:    Font shape `OT1/ptm/bx/n' in size <7> not available
(Font)              Font shape `OT1/ptm/b/n' tried instead on input line 993.
LaTeX Font Info:    Font shape `OT1/ptm/bx/it' in size <7> not available
(Font)              Font shape `OT1/ptm/b/it' tried instead on input line 993.
LaTeX Font Info:    Font shape `OT1/ptm/bx/n' in size <8> not available
(Font)              Font shape `OT1/ptm/b/n' tried instead on input line 993.
LaTeX Font Info:    Font shape `OT1/ptm/bx/it' in size <8> not available
(Font)              Font shape `OT1/ptm/b/it' tried instead on input line 993.
LaTeX Font Info:    Font shape `OT1/ptm/bx/n' in size <9> not available
(Font)              Font shape `OT1/ptm/b/n' tried instead on input line 993.
LaTeX Font Info:    Font shape `OT1/ptm/bx/it' in size <9> not available
(Font)              Font shape `OT1/ptm/b/it' tried instead on input line 993.
LaTeX Font Info:    Font shape `OT1/ptm/bx/n' in size <10> not available
(Font)              Font shape `OT1/ptm/b/n' tried instead on input line 993.
LaTeX Font Info:    Font shape `OT1/ptm/bx/it' in size <10> not available
(Font)              Font shape `OT1/ptm/b/it' tried instead on input line 993.
LaTeX Font Info:    Font shape `OT1/ptm/bx/n' in size <11> not available
(Font)              Font shape `OT1/ptm/b/n' tried instead on input line 993.
LaTeX Font Info:    Font shape `OT1/ptm/bx/it' in size <11> not available
(Font)              Font shape `OT1/ptm/b/it' tried instead on input line 993.
LaTeX Font Info:    Font shape `OT1/ptm/bx/n' in size <12> not available
(Font)              Font shape `OT1/ptm/b/n' tried instead on input line 993.
LaTeX Font Info:    Font shape `OT1/ptm/bx/it' in size <12> not available
(Font)              Font shape `OT1/ptm/b/it' tried instead on input line 993.
LaTeX Font Info:    Font shape `OT1/ptm/bx/n' in size <17> not available
(Font)              Font shape `OT1/ptm/b/n' tried instead on input line 993.
LaTeX Font Info:    Font shape `OT1/ptm/bx/it' in size <17> not available
(Font)              Font shape `OT1/ptm/b/it' tried instead on input line 993.
LaTeX Font Info:    Font shape `OT1/ptm/bx/n' in size <20> not available
(Font)              Font shape `OT1/ptm/b/n' tried instead on input line 993.
LaTeX Font Info:    Font shape `OT1/ptm/bx/it' in size <20> not available
(Font)              Font shape `OT1/ptm/b/it' tried instead on input line 993.
LaTeX Font Info:    Font shape `OT1/ptm/bx/n' in size <24> not available
(Font)              Font shape `OT1/ptm/b/n' tried instead on input line 993.
LaTeX Font Info:    Font shape `OT1/ptm/bx/it' in size <24> not available
(Font)              Font shape `OT1/ptm/b/it' tried instead on input line 993.
\IEEEilabelindentA=\dimen104
\IEEEilabelindentB=\dimen105
\IEEEilabelindent=\dimen106
\IEEEelabelindent=\dimen107
\IEEEdlabelindent=\dimen108
\labelindent=\dimen109
\IEEEiednormlabelsep=\dimen110
\IEEEiedmathlabelsep=\dimen111
\IEEEiedtopsep=\skip43
\c@section=\count81
\c@subsection=\count82
\c@subsubsection=\count83
\c@paragraph=\count84
\c@IEEEsubequation=\count85
\abovecaptionskip=\skip44
\belowcaptionskip=\skip45
\c@figure=\count86
\c@table=\count87
\@IEEEeqnnumcols=\count88
\@IEEEeqncolcnt=\count89
\@IEEEtmpitemindent=\dimen112
\c@biography=\count90
\@IEEEtranrubishbin=\box26
) (/usr/share/texmf-texlive/tex/latex/base/inputenc.sty
Package: inputenc 2008/03/30 v1.1d Input encoding file
\inpenc@prehook=\toks15
\inpenc@posthook=\toks16

(/usr/share/texmf-texlive/tex/latex/base/latin1.def
File: latin1.def 2008/03/30 v1.1d Input encoding file
))
(/usr/share/texmf-texlive/tex/generic/babel/babel.sty
Package: babel 2008/07/06 v3.8l The Babel package

(/usr/share/texmf-texlive/tex/generic/babel/spanish.ldf
Language: spanish.ldf 2009/01/02 v5.0h Spanish support from the babel system

(/usr/share/texmf-texlive/tex/generic/babel/babel.def
File: babel.def 2008/07/06 v3.8l Babel common definitions
\babel@savecnt=\count91
\U@D=\dimen113
)

Package babel Warning: No hyphenation patterns were loaded for
(babel)                the language `Spanish'
(babel)                I will use the patterns loaded for \language=0 instead.

\l@spanish = a dialect from \language0
\es@datefmt=\count92
\es@quottoks=\toks17
\es@quotdepth=\count93
Package babel Info: Making " an active character on input line 492.
Package babel Info: Making . an active character on input line 585.
Package babel Info: Making < an active character on input line 630.
Package babel Info: Making > an active character on input line 630.
)) (/usr/share/texmf-texlive/tex/latex/graphics/graphicx.sty
Package: graphicx 1999/02/16 v1.0f Enhanced LaTeX Graphics (DPC,SPQR)

(/usr/share/texmf-texlive/tex/latex/graphics/keyval.sty
Package: keyval 1999/03/16 v1.13 key=value parser (DPC)
\KV@toks@=\toks18
)
(/usr/share/texmf-texlive/tex/latex/graphics/graphics.sty
Package: graphics 2009/02/05 v1.0o Standard LaTeX Graphics (DPC,SPQR)

(/usr/share/texmf-texlive/tex/latex/graphics/trig.sty
Package: trig 1999/03/16 v1.09 sin cos tan (DPC)
)
(/etc/texmf/tex/latex/config/graphics.cfg
File: graphics.cfg 2009/08/28 v1.8 graphics configuration of TeX Live
)
Package graphics Info: Driver file: pdftex.def on input line 91.

(/usr/share/texmf-texlive/tex/latex/pdftex-def/pdftex.def
File: pdftex.def 2010/03/12 v0.04p Graphics/color for pdfTeX
\Gread@gobject=\count94
))
\Gin@req@height=\dimen114
\Gin@req@width=\dimen115
)
(/usr/share/texmf-texlive/tex/latex/hyphenat/hyphenat.sty
Package: hyphenat 2009/09/02 v2.3c hyphenation utilities
\langwohyphens=\language4
LaTeX Info: Redefining \_ on input line 43.
) (./tpf.aux)
\openout1 = `tpf.aux'.

LaTeX Font Info:    Checking defaults for OML/cmm/m/it on input line 7.
LaTeX Font Info:    ... okay on input line 7.
LaTeX Font Info:    Checking defaults for T1/cmr/m/n on input line 7.
LaTeX Font Info:    ... okay on input line 7.
LaTeX Font Info:    Checking defaults for OT1/cmr/m/n on input line 7.
LaTeX Font Info:    ... okay on input line 7.
LaTeX Font Info:    Checking defaults for OMS/cmsy/m/n on input line 7.
LaTeX Font Info:    ... okay on input line 7.
LaTeX Font Info:    Checking defaults for OMX/cmex/m/n on input line 7.
LaTeX Font Info:    ... okay on input line 7.
LaTeX Font Info:    Checking defaults for U/cmr/m/n on input line 7.
LaTeX Font Info:    ... okay on input line 7.

(/usr/share/texmf-texlive/tex/context/base/supp-pdf.mkii
[Loading MPS to PDF converter (version 2006.09.02).]
\scratchcounter=\count95
\scratchdimen=\dimen116
\scratchbox=\box27
\nofMPsegments=\count96
\nofMParguments=\count97
\everyMPshowfont=\toks19
\MPscratchCnt=\count98
\MPscratchDim=\dimen117
\MPnumerator=\count99
\everyMPtoPDFconversion=\toks20
)
Underfull \hbox (badness 2717) in paragraph at lines 21--22
[]\OT1/ptm/b/n/9 En este tra-ba-jo abor-damos el Timetabling Prob-lem
 []


Underfull \hbox (badness 10000) in paragraph at lines 21--22
\OT1/ptm/b/n/9 uti-lizan-do un Al-go-rit-mo Gen[]etico y mod-e-lando las
 []


Underfull \hbox (badness 10000) in paragraph at lines 24--26
[]\OT1/ptm/b/it/9 Palabras clave\OT1/ptm/b/n/9 ---timetabling prob-lem, re-stri
c-ciones,
 []


Underfull \hbox (badness 2158) in paragraph at lines 29--30
\OT1/ptm/m/n/10 con fre-cuen-cia surge que ca-da pro-fe-sor im-pone una
 []


Underfull \hbox (badness 3657) in paragraph at lines 31--32
[]\OT1/ptm/m/n/10 En este tra-ba-jo, nos en-fo-camos en solu-cionar el
 []

LaTeX Font Info:    External font `cmex10' loaded for size
(Font)              <8> on input line 36.
LaTeX Font Info:    External font `cmex10' loaded for size
(Font)              <6> on input line 36.
LaTeX Font Info:    External font `cmex10' loaded for size
(Font)              <5> on input line 36.

Underfull \hbox (badness 1874) in paragraph at lines 58--59
[]\OT1/ptm/m/it/10 Solapamiento en a[]nos ady-a-centes: \OT1/ptm/m/n/10 No se d
eben
 []

<tabla_horarios.png, id=1, 796.9775pt x 164.615pt>
File: tabla_horarios.png Graphic file (type png)
 <use tabla_horarios.png>
[1{/var/lib/texmf/fonts/map/pdftex/updmap/pdftex.map}


]
LaTeX Font Info:    External font `cmex10' loaded for size
(Font)              <7> on input line 72.

<fenotipo.png, id=10, 639.38875pt x 52.195pt>
File: fenotipo.png Graphic file (type png)
 <use fenotipo.png>
Underfull \hbox (badness 2884) in paragraph at lines 80--81
\OT1/ptm/m/n/10 se toman las clases de a una y se le asigna un
 []


Underfull \hbox (badness 2460) in paragraph at lines 86--87
\OT1/ptm/m/n/10 cruza. Es-tos op-er-adores se apli-can en rep-re-sentaci[]on
 []

<mutacion_movimiento.png, id=11, 588.1975pt x 353.32pt>
File: mutacion_movimiento.png Graphic file (type png)

<use mutacion_movimiento.png>
Underfull \hbox (badness 1496) in paragraph at lines 92--98
\OT1/ptm/m/n/10 en el fenotipo al azar, que iden-ti-ficar[]a a un bloque
 []

<mutacion_permutacion.png, id=12, 660.4675pt x 399.4925pt>
File: mutacion_permutacion.png Graphic file (type png)

<use mutacion_permutacion.png>
Underfull \hbox (badness 1442) in paragraph at lines 119--120
 \OT1/ptm/m/it/10 D.2. So-la-pamien-to de a[]nos ady-a-centes: [][] \OT1/ptm/m/
n/10 Se suman
 []

[2 <./tabla_horarios.png (PNG copy)> <./fenotipo.png (PNG copy)> <./mutacion_mo
vimiento.png (PNG copy)> <./mutacion_permutacion.png (PNG copy)>]
<grafico_1.png, id=18, 569.12625pt x 340.27126pt>
File: grafico_1.png Graphic file (type png)
 <use grafico_1.png>
<horarios_resultado.png, id=19, 762.85pt x 523.9575pt>
File: horarios_resultado.png Graphic file (type png)

<use horarios_resultado.png> [3 <./grafico_1.png (PNG copy)> <./horarios_result
ado.png (PNG copy)>] <grafico_3.png, id=30, 558.085pt x 321.2pt>
File: grafico_3.png Graphic file (type png)

<use grafico_3.png>
<horario_superposicion.png, id=31, 767.86874pt x 550.055pt>
File: horario_superposicion.png Graphic file (type png)

<use horario_superposicion.png>
<tabla_caso_real.png, id=32, 610.28pt x 507.8975pt>
File: tabla_caso_real.png Graphic file (type png)
 <use tabla_caso_real.png>
Underfull \hbox (badness 2932) in paragraph at lines 279--285
[]\OT1/ptm/m/n/10 Es de destacar que to-dos es-tos re-sul-ta-dos fueron
 []


Underfull \hbox (badness 1721) in paragraph at lines 287--288
\OT1/ptm/m/n/10 sim-pli-fi-ca-ciones de cara a re-ducir la com-ple-ji-dad, la
 []


Underfull \hbox (badness 4608) in paragraph at lines 292--293
[]\OT1/ptm/m/n/10 Como tra-ba-jo fu-turo, se plantea la in-clusi[]on de
 []


Underfull \hbox (badness 1688) in paragraph at lines 292--293
\OT1/ptm/m/n/10 a la disponi-bil-i-dad y equipamien-to de las aulas. En
 []

(./tpf.bbl
Underfull \hbox (badness 3281) in paragraph at lines 36--39
[]\OT1/ptm/m/n/8 F. Mart[]^^Pnez Ruiz, E. Garc[]^^Pa S[]anchez, J. Mu[]noz Arte
a-ga, y
 []

)


[4 <./grafico_3.png (PNG copy)> <./horario_superposicion.png (PNG copy)> <./tab
la_caso_real.png (PNG copy)>] (./tpf.aux) ) 
Here is how much of TeX's memory you used:
 2289 strings out of 495061
 32165 string characters out of 1182621
 99785 words of memory out of 3000000
 5471 multiletter control sequences out of 15000+50000
 42049 words of font info for 76 fonts, out of 3000000 for 9000
 28 hyphenation exceptions out of 8191
 26i,9n,27p,1062b,302s stack positions out of 5000i,500n,10000p,200000b,50000s
{/usr/share/texmf-texlive/fonts/enc/
dvips/base/8r.enc}</usr/share/texmf-texlive/fonts/type1/public/amsfonts/cm/cmmi
10.pfb></usr/share/texmf-texlive/fonts/type1/public/amsfonts/cm/cmmi7.pfb></usr
/share/texmf-texlive/fonts/type1/public/amsfonts/cm/cmmi8.pfb></usr/share/texmf
-texlive/fonts/type1/public/amsfonts/cm/cmr10.pfb></usr/share/texmf-texlive/fon
ts/type1/public/amsfonts/cm/cmr5.pfb></usr/share/texmf-texlive/fonts/type1/publ
ic/amsfonts/cm/cmr6.pfb></usr/share/texmf-texlive/fonts/type1/public/amsfonts/c
m/cmr7.pfb></usr/share/texmf-texlive/fonts/type1/public/amsfonts/cm/cmr8.pfb></
usr/share/texmf-texlive/fonts/type1/public/amsfonts/cm/cmsy10.pfb></usr/share/t
exmf-texlive/fonts/type1/urw/times/utmb8a.pfb></usr/share/texmf-texlive/fonts/t
ype1/urw/times/utmbi8a.pfb></usr/share/texmf-texlive/fonts/type1/urw/times/utmr
8a.pfb></usr/share/texmf-texlive/fonts/type1/urw/times/utmri8a.pfb>
Output written on tpf.pdf (4 pages, 593506 bytes).
PDF statistics:
 77 PDF objects out of 1000 (max. 8388607)
 0 named destinations out of 1000 (max. 500000)
 46 words of extra memory for PDF output out of 10000 (max. 10000000)

